#
# A fatal error has been detected by the Java Runtime Environment:
#
#  EXCEPTION_ACCESS_VIOLATION (0xc0000005) at pc=0x6d88591e, pid=5988, tid=5492
#
# JRE version: 6.0_31-b05
# Java VM: Java HotSpot(TM) Client VM (20.6-b01 mixed mode windows-x86 )
# Problematic frame:
# V  [jvm.dll+0x9591e]
#
# If you would like to submit a bug report, please visit:
#   http://java.sun.com/webapps/bugreport/crash.jsp
#

---------------  T H R E A D  ---------------

Current thread (0x3d0d0800):  JavaThread "AWT-Windows" daemon [_thread_in_vm, id=5492, stack(0x3c9f0000,0x3ca40000)]

siginfo: ExceptionCode=0xc0000005, reading address 0x00000000

Registers:
EAX=0x3c23fcd0, EBX=0x00000000, ECX=0x00000000, EDX=0x3ca3f7cc
ESP=0x3ca3f7bc, EBP=0x3ca3f850, ESI=0x3d0d0800, EDI=0x3d0ce0a0
EIP=0x6d88591e, EFLAGS=0x00010202

Top of Stack: (sp=0x3ca3f7bc)
0x3ca3f7bc:   3c29b670 3d0d0928 3d0d0800 3ca3f7ec
0x3ca3f7cc:   3c23fcd0 0000000b 3ca3f7b8 b300b407
0x3ca3f7dc:   3ca3f83c 7783e115 00000000 77887283
0x3ca3f7ec:   fdd101bc 5e5f87d0 7fffffff 3ca3f7cc
0x3ca3f7fc:   3ca3f7ed 00000001 00000008 3ca3f800
0x3ca3f80c:   3a90e45f 3ca3f818 778e478c 3ca3f84c
0x3ca3f81c:   3ca3f84c 6d7f2af6 3d0d0800 3c29af88
0x3ca3f82c:   3d0d0800 3d0d0928 3ca3f828 3c23f8a8 

Instructions: (pc=0x6d88591e)
0x6d8858fe:   78 ff ff ff 89 41 14 8b 45 ac c6 04 10 01 8b 4d
0x6d88590e:   b0 8b 55 a8 8b 45 f4 89 04 8a ff 45 b0 8b 5d fc
0x6d88591e:   8b 03 8b 48 08 0f b7 51 2a 8b 40 0c 8b 4c 90 28
0x6d88592e:   51 56 8d 4d bc e8 d8 a5 07 00 8b 55 18 33 c0 89 


Register to memory mapping:

EAX=0x3c23fcd0 is an unknown value
EBX=0x00000000 is an unknown value
ECX=0x00000000 is an unknown value
EDX=0x3ca3f7cc is pointing into the stack for thread: 0x3d0d0800
ESP=0x3ca3f7bc is pointing into the stack for thread: 0x3d0d0800
EBP=0x3ca3f850 is pointing into the stack for thread: 0x3d0d0800
ESI=0x3d0d0800 is a thread
EDI=0x3d0ce0a0 is an unknown value


Stack: [0x3c9f0000,0x3ca40000],  sp=0x3ca3f7bc,  free space=317k
Native frames: (J=compiled Java code, j=interpreted, Vv=VM code, C=native code)
V  [jvm.dll+0x9591e]
V  [jvm.dll+0x9884c]
C  [awt.dll+0x6cc5c]  Java_sun_awt_windows_WChoicePeer_create+0x12c
C  [USER32.dll+0x1c4e7]  gapfnScSendMessage+0x1cf
C  [USER32.dll+0x1c5e7]  gapfnScSendMessage+0x2cf
C  [USER32.dll+0x14f0e]  GetScrollBarInfo+0xfd
C  [USER32.dll+0x14f7d]  GetScrollBarInfo+0x16c
C  [ntdll.dll+0x4702e]  KiUserCallbackDispatcher+0x2e

Java frames: (J=compiled Java code, j=interpreted, Vv=VM code)
j  sun.awt.windows.WToolkit.eventLoop()V+0
j  sun.awt.windows.WToolkit.run()V+52
j  java.lang.Thread.run()V+11
v  ~StubRoutines::call_stub

---------------  P R O C E S S  ---------------

Java Threads: ( => current thread )
  0x3d796c00 JavaThread "Thread-2" daemon [_thread_in_native, id=5200, stack(0x415b0000,0x41600000)]
  0x3d798400 JavaThread "SwingWorker-pool-1-thread-10" daemon [_thread_blocked, id=5204, stack(0x3d250000,0x3d2a0000)]
  0x3d797800 JavaThread "SwingWorker-pool-1-thread-9" daemon [_thread_blocked, id=4412, stack(0x41560000,0x415b0000)]
  0x3d797000 JavaThread "SwingWorker-pool-1-thread-8" daemon [_thread_blocked, id=6036, stack(0x414c0000,0x41510000)]
  0x3d796400 JavaThread "SwingWorker-pool-1-thread-7" daemon [_thread_blocked, id=2124, stack(0x41340000,0x41390000)]
  0x3d796000 JavaThread "SwingWorker-pool-1-thread-6" daemon [_thread_blocked, id=756, stack(0x3ded0000,0x3df20000)]
  0x3d794400 JavaThread "SwingWorker-pool-1-thread-5" daemon [_thread_blocked, id=5052, stack(0x3ef90000,0x3efe0000)]
  0x3d794c00 JavaThread "SwingWorker-pool-1-thread-4" daemon [_thread_blocked, id=4592, stack(0x3df20000,0x3df70000)]
  0x3d795000 JavaThread "SwingWorker-pool-1-thread-3" daemon [_thread_blocked, id=3804, stack(0x41210000,0x41260000)]
  0x3d794000 JavaThread "SwingWorker-pool-1-thread-2" daemon [_thread_blocked, id=5144, stack(0x411c0000,0x41210000)]
  0x3d793800 JavaThread "DestroyJavaVM" [_thread_blocked, id=3976, stack(0x00370000,0x003c0000)]
  0x3d793400 JavaThread "ProgressThread" daemon [_thread_blocked, id=1012, stack(0x41170000,0x411c0000)]
  0x3f365c00 JavaThread "UpdateQueue-MetaDataValidation" daemon [_thread_blocked, id=1520, stack(0x41120000,0x41170000)]
  0x3f35d000 JavaThread "SwingWorker-pool-1-thread-1" daemon [_thread_blocked, id=2540, stack(0x40520000,0x40570000)]
  0x3d9c7c00 JavaThread "RemoteProcess-Updater" daemon [_thread_blocked, id=6048, stack(0x3ffb0000,0x40000000)]
  0x3f181000 JavaThread "UpdateQueue-ResultDisplayDataTableViewUpdater" daemon [_thread_blocked, id=4192, stack(0x40000000,0x40050000)]
  0x3d122000 JavaThread "AWT-EventQueue-0" [_thread_blocked, id=3072, stack(0x3d130000,0x3d180000)]
  0x3d311800 JavaThread "TimerQueue" daemon [_thread_blocked, id=4144, stack(0x3cc20000,0x3cc70000)]
=>0x3d0d0800 JavaThread "AWT-Windows" daemon [_thread_in_vm, id=5492, stack(0x3c9f0000,0x3ca40000)]
  0x3d0d0000 JavaThread "AWT-Shutdown" [_thread_blocked, id=4840, stack(0x3c770000,0x3c7c0000)]
  0x3d0cf800 JavaThread "Java2D Disposer" daemon [_thread_in_native, id=4852, stack(0x3c720000,0x3c770000)]
  0x3c25c000 JavaThread "Low Memory Detector" daemon [_thread_blocked, id=3660, stack(0x3c680000,0x3c6d0000)]
  0x3c25ac00 JavaThread "C1 CompilerThread0" daemon [_thread_blocked, id=3736, stack(0x3c630000,0x3c680000)]
  0x3c254c00 JavaThread "JDWP Event Helper Thread" daemon [_thread_blocked, id=4356, stack(0x3c570000,0x3c5c0000)]
  0x3c251800 JavaThread "JDWP Transport Listener: dt_socket" daemon [_thread_in_native, id=5068, stack(0x3c520000,0x3c570000)]
  0x3c23ac00 JavaThread "Attach Listener" daemon [_thread_blocked, id=4428, stack(0x3c4c0000,0x3c510000)]
  0x3c239c00 JavaThread "Signal Dispatcher" daemon [_thread_blocked, id=2740, stack(0x3c470000,0x3c4c0000)]
  0x3c209000 JavaThread "Finalizer" daemon [_thread_in_native, id=4176, stack(0x3c420000,0x3c470000)]
  0x3c204c00 JavaThread "Reference Handler" daemon [_thread_blocked, id=3652, stack(0x3c3d0000,0x3c420000)]

Other Threads:
  0x019cf400 VMThread [stack: 0x3c380000,0x3c3d0000] [id=3528]
  0x3c264c00 WatcherThread [stack: 0x3c6d0000,0x3c720000] [id=4516]

VM state:not at safepoint (normal execution)

VM Mutex/Monitor currently owned by a thread: None

Heap
 PSYoungGen      total 239168K, used 620K [0x28fb0000, 0x39a50000, 0x39a50000)
  eden space 205312K, 0% used [0x28fb0000,0x2904b2e0,0x35830000)
  from space 33856K, 0% used [0x35830000,0x35830000,0x37940000)
  to   space 31744K, 0% used [0x37b50000,0x37b50000,0x39a50000)
 ParOldGen       total 546176K, used 23692K [0x07a50000, 0x28fb0000, 0x28fb0000)
  object space 546176K, 4% used [0x07a50000,0x091731b0,0x28fb0000)
 PSPermGen       total 54912K, used 54530K [0x03a50000, 0x06ff0000, 0x07a50000)
  object space 54912K, 99% used [0x03a50000,0x06f90848,0x06ff0000)

Code Cache  [0x019d0000, 0x02060000, 0x039d0000)
 total_blobs=3977 nmethods=3668 adapters=249 free_code_cache=26703808 largest_free_block=320

Dynamic libraries:
0x00400000 - 0x00425000 	C:\Program Files\Rapid-I\RapidMiner5\jre\bin\java.exe
0x77820000 - 0x7795c000 	C:\windows\SYSTEM32\ntdll.dll
0x77210000 - 0x772e4000 	C:\windows\system32\kernel32.dll
0x75af0000 - 0x75b3b000 	C:\windows\system32\KERNELBASE.dll
0x77660000 - 0x77700000 	C:\windows\system32\ADVAPI32.dll
0x76090000 - 0x7613c000 	C:\windows\system32\msvcrt.dll
0x763b0000 - 0x763c9000 	C:\windows\SYSTEM32\sechost.dll
0x779a0000 - 0x77a42000 	C:\windows\system32\RPCRT4.dll
0x7c340000 - 0x7c396000 	C:\Program Files\Rapid-I\RapidMiner5\jre\bin\msvcr71.dll
0x6d7f0000 - 0x6da9f000 	C:\Program Files\Rapid-I\RapidMiner5\jre\bin\client\jvm.dll
0x772f0000 - 0x773b9000 	C:\windows\system32\USER32.dll
0x76200000 - 0x7624e000 	C:\windows\system32\GDI32.dll
0x761f0000 - 0x761fa000 	C:\windows\system32\LPK.dll
0x77560000 - 0x775fd000 	C:\windows\system32\USP10.dll
0x73eb0000 - 0x73ee2000 	C:\windows\system32\WINMM.dll
0x77980000 - 0x7799f000 	C:\windows\system32\IMM32.DLL
0x762e0000 - 0x763ac000 	C:\windows\system32\MSCTF.dll
0x75770000 - 0x757bc000 	C:\windows\system32\apphelp.dll
0x6d7a0000 - 0x6d7ac000 	C:\Program Files\Rapid-I\RapidMiner5\jre\bin\verify.dll
0x6d320000 - 0x6d33f000 	C:\Program Files\Rapid-I\RapidMiner5\jre\bin\java.dll
0x6d370000 - 0x6d399000 	C:\Program Files\Rapid-I\RapidMiner5\jre\bin\jdwp.dll
0x6d690000 - 0x6d696000 	C:\Program Files\Rapid-I\RapidMiner5\jre\bin\npt.dll
0x6d7e0000 - 0x6d7ef000 	C:\Program Files\Rapid-I\RapidMiner5\jre\bin\zip.dll
0x6d200000 - 0x6d207000 	C:\Program Files\Rapid-I\RapidMiner5\jre\bin\dt_socket.dll
0x75bd0000 - 0x75c05000 	C:\windows\system32\WS2_32.dll
0x77970000 - 0x77976000 	C:\windows\system32\NSI.dll
0x75290000 - 0x752cc000 	C:\windows\system32\mswsock.dll
0x74db0000 - 0x74db5000 	C:\windows\System32\wshtcpip.dll
0x6d000000 - 0x6d14c000 	C:\Program Files\Rapid-I\RapidMiner5\jre\bin\awt.dll
0x71680000 - 0x716d1000 	C:\windows\system32\WINSPOOL.DRV
0x770b0000 - 0x7720c000 	C:\windows\system32\ole32.dll
0x748c0000 - 0x74a5e000 	C:\windows\WinSxS\x86_microsoft.windows.common-controls_6595b64144ccf1df_6.0.7601.17514_none_41e6975e2bd6f2b2\COMCTL32.dll
0x77600000 - 0x77657000 	C:\windows\system32\SHLWAPI.dll
0x74130000 - 0x74143000 	C:\windows\system32\DWMAPI.DLL
0x74630000 - 0x74670000 	C:\windows\system32\uxtheme.dll
0x757f0000 - 0x757fc000 	C:\windows\system32\CRYPTBASE.dll
0x763d0000 - 0x7701a000 	C:\windows\system32\shell32.dll
0x6d230000 - 0x6d27f000 	C:\Program Files\Rapid-I\RapidMiner5\jre\bin\fontmanager.dll
0x752d0000 - 0x752e6000 	C:\windows\system32\CRYPTSP.dll
0x75090000 - 0x750cb000 	C:\windows\system32\rsaenh.dll
0x74ec0000 - 0x74ed7000 	C:\windows\system32\USERENV.dll
0x75870000 - 0x7587b000 	C:\windows\system32\profapi.dll
0x6d600000 - 0x6d613000 	C:\Program Files\Rapid-I\RapidMiner5\jre\bin\net.dll
0x75460000 - 0x75466000 	C:\windows\System32\wship6.dll
0x73e60000 - 0x73e70000 	C:\windows\system32\NLAapi.dll
0x739b0000 - 0x739c0000 	C:\windows\system32\napinsp.dll
0x73990000 - 0x739a2000 	C:\windows\system32\pnrpnsp.dll
0x75140000 - 0x75184000 	C:\windows\system32\DNSAPI.dll
0x73980000 - 0x73988000 	C:\windows\System32\winrnr.dll
0x73970000 - 0x7397d000 	C:\windows\system32\wshbth.dll
0x70380000 - 0x703a7000 	C:\Program Files\Common Files\Microsoft Shared\Windows Live\WLIDNSP.DLL
0x77960000 - 0x77965000 	C:\windows\system32\PSAPI.DLL
0x73d10000 - 0x73d2c000 	C:\windows\system32\IPHLPAPI.DLL
0x73cf0000 - 0x73cf7000 	C:\windows\system32\WINNSI.DLL
0x6fab0000 - 0x6fab6000 	C:\windows\system32\rasadhlp.dll
0x73770000 - 0x737a8000 	C:\windows\System32\fwpuclnt.dll
0x6d620000 - 0x6d629000 	C:\Program Files\Rapid-I\RapidMiner5\jre\bin\nio.dll
0x77020000 - 0x770af000 	C:\windows\system32\OLEAUT32.DLL
0x6d550000 - 0x6d559000 	C:\Program Files\Rapid-I\RapidMiner5\jre\bin\management.dll
0x76140000 - 0x761bb000 	C:\windows\system32\COMDLG32.DLL
0x4f500000 - 0x4f521000 	C:\windows\system32\spool\DRIVERS\W32X86\3\pdf995ps5ui.dll
0x4ce00000 - 0x4ce75000 	C:\windows\system32\spool\DRIVERS\W32X86\3\pscript5-32.dll
0x68fe0000 - 0x69059000 	C:\windows\system32\mscms.dll
0x6d1a0000 - 0x6d1c3000 	C:\Program Files\Rapid-I\RapidMiner5\jre\bin\dcpr.dll
0x6d3e0000 - 0x6d419000 	C:\Program Files\ASUS\CapsHook\Hook.dll
0x412c0000 - 0x41317000 	C:\Program Files\Elantech\ETDApix.dll
0x74d20000 - 0x74d29000 	C:\windows\system32\VERSION.dll

VM Arguments:
jvm_args: -XX:+UseParallelGC -XX:+UseParallelOldGC -Xdebug -Xrunjdwp:transport=dt_socket,suspend=n,server=y,address=8001 -XX:ParallelGCThreads=3 -Xms800m -Xmx800m -Drapidminer.home=C:\Program Files\Rapid-I\RapidMiner5\scripts\.. -Drapidminer.operators.additional= 
java_command: C:\Program Files\Rapid-I\RapidMiner5\scripts\..\lib\launcher.jar
Launcher Type: SUN_STANDARD

Environment Variables:
JAVA_HOME=C:\Program Files\Java\jdk1.6.0_31
PATH=C:\Program Files\Java\jdk1.6.0_31\bin;C:\PROGRAM FILES\COMMON FILES\MICROSOFT SHARED\WINDOWS LIVE;C:\windows\SYSTEM32;C:\windows;C:\windows\SYSTEM32\WBEM;C:\windows\SYSTEM32\WINDOWSPOWERSHELL\V1.0\;C:\PROGRAM FILES\WINDOWS LIVE\SHARED;C:\PROGRAM FILES\TREND MICRO\AMSP;C:\Program Files\Trend Micro\AMSP;C:\java\apache-maven-2.2.1\bin;C:\java\apache-ant-1.8.4\bin
USERNAME=beckmann
OS=Windows_NT
PROCESSOR_IDENTIFIER=x86 Family 6 Model 28 Stepping 10, GenuineIntel



---------------  S Y S T E M  ---------------

OS: Windows 7 Build 7601 Service Pack 1

CPU:total 4 (2 cores per cpu, 2 threads per core) family 6 model 28 stepping 10, cmov, cx8, fxsr, mmx, sse, sse2, sse3, ssse3, ht

Memory: 4k page, physical 2087032k(104968k free), swap 4174064k(819576k free)

vm_info: Java HotSpot(TM) Client VM (20.6-b01) for windows-x86 JRE (1.6.0_31-b05), built on Feb  3 2012 18:44:09 by "java_re" with MS VC++ 7.1 (VS2003)

time: Tue Nov 26 23:26:11 2013
elapsed time: 101242 seconds

