#
# A fatal error has been detected by the Java Runtime Environment:
#
#  EXCEPTION_ACCESS_VIOLATION (0xc0000005) at pc=0x6d88591e, pid=4156, tid=5996
#
# JRE version: 6.0_31-b05
# Java VM: Java HotSpot(TM) Client VM (20.6-b01 mixed mode windows-x86 )
# Problematic frame:
# V  [jvm.dll+0x9591e]
#
# If you would like to submit a bug report, please visit:
#   http://java.sun.com/webapps/bugreport/crash.jsp
#

---------------  T H R E A D  ---------------

Current thread (0x3d10e400):  JavaThread "AWT-Windows" daemon [_thread_in_vm, id=5996, stack(0x3c940000,0x3c990000)]

siginfo: ExceptionCode=0xc0000005, reading address 0x00000000

Registers:
EAX=0x3c22f818, EBX=0x00000000, ECX=0x00000000, EDX=0x3c98f7cc
ESP=0x3c98f7bc, EBP=0x3c98f850, ESI=0x3d10e400, EDI=0x3d10da78
EIP=0x6d88591e, EFLAGS=0x00010202

Top of Stack: (sp=0x3c98f7bc)
0x3c98f7bc:   3d02d3b0 3d10e528 3d10e400 3c98f7ec
0x3c98f7cc:   3c22f818 0000000b 3c98f7b8 f400ab5f
0x3c98f7dc:   3c98f83c 7783e115 00000000 77887283
0x3c98f7ec:   6adf01aa 3315134a 7fffffff 3c98f7cc
0x3c98f7fc:   3c98f7ed 00000001 00000008 3c98f800
0x3c98f80c:   5109483f 3c98f818 778e478c 3c98f84c
0x3c98f81c:   3c98f84c 6d7f2af6 3d10e400 3d02ccc8
0x3c98f82c:   3d10e400 3d10e528 3c98f828 3c22f3f0 

Instructions: (pc=0x6d88591e)
0x6d8858fe:   78 ff ff ff 89 41 14 8b 45 ac c6 04 10 01 8b 4d
0x6d88590e:   b0 8b 55 a8 8b 45 f4 89 04 8a ff 45 b0 8b 5d fc
0x6d88591e:   8b 03 8b 48 08 0f b7 51 2a 8b 40 0c 8b 4c 90 28
0x6d88592e:   51 56 8d 4d bc e8 d8 a5 07 00 8b 55 18 33 c0 89 


Register to memory mapping:

EAX=0x3c22f818 is an unknown value
EBX=0x00000000 is an unknown value
ECX=0x00000000 is an unknown value
EDX=0x3c98f7cc is pointing into the stack for thread: 0x3d10e400
ESP=0x3c98f7bc is pointing into the stack for thread: 0x3d10e400
EBP=0x3c98f850 is pointing into the stack for thread: 0x3d10e400
ESI=0x3d10e400 is a thread
EDI=0x3d10da78 is an unknown value


Stack: [0x3c940000,0x3c990000],  sp=0x3c98f7bc,  free space=317k
Native frames: (J=compiled Java code, j=interpreted, Vv=VM code, C=native code)
V  [jvm.dll+0x9591e]
V  [jvm.dll+0x9884c]
C  [awt.dll+0x6cc5c]  Java_sun_awt_windows_WChoicePeer_create+0x12c
C  [USER32.dll+0x1c4e7]  gapfnScSendMessage+0x1cf
C  [USER32.dll+0x1c5e7]  gapfnScSendMessage+0x2cf
C  [USER32.dll+0x14f0e]  GetScrollBarInfo+0xfd
C  [USER32.dll+0x14f7d]  GetScrollBarInfo+0x16c
C  [ntdll.dll+0x4702e]  KiUserCallbackDispatcher+0x2e

Java frames: (J=compiled Java code, j=interpreted, Vv=VM code)
j  sun.awt.windows.WToolkit.eventLoop()V+0
j  sun.awt.windows.WToolkit.run()V+52
j  java.lang.Thread.run()V+11
v  ~StubRoutines::call_stub

---------------  P R O C E S S  ---------------

Java Threads: ( => current thread )
  0x3dcf3000 JavaThread "Thread-2" daemon [_thread_in_native, id=4936, stack(0x412e0000,0x41330000)]
  0x3d70f800 JavaThread "JDWP Command Reader" daemon [_thread_in_native, id=5472, stack(0x3d230000,0x3d280000)]
  0x3dcf1c00 JavaThread "SwingWorker-pool-1-thread-3" daemon [_thread_blocked, id=1428, stack(0x41200000,0x41250000)]
  0x3dcf1800 JavaThread "SwingWorker-pool-1-thread-2" daemon [_thread_blocked, id=3260, stack(0x411b0000,0x41200000)]
  0x3dcf1000 JavaThread "DestroyJavaVM" [_thread_blocked, id=4560, stack(0x00190000,0x001e0000)]
  0x3dcf0400 JavaThread "ProgressThread" daemon [_thread_blocked, id=5936, stack(0x41110000,0x41160000)]
  0x3dcefc00 JavaThread "UpdateQueue-MetaDataValidation" daemon [_thread_blocked, id=3960, stack(0x3d1e0000,0x3d230000)]
  0x3f389800 JavaThread "SwingWorker-pool-1-thread-1" daemon [_thread_blocked, id=5648, stack(0x3d400000,0x3d450000)]
  0x3f21fc00 JavaThread "RemoteProcess-Updater" daemon [_thread_blocked, id=5400, stack(0x3d360000,0x3d3b0000)]
  0x3da8dc00 JavaThread "UpdateQueue-ResultDisplayDataTableViewUpdater" daemon [_thread_blocked, id=5652, stack(0x3d3b0000,0x3d400000)]
  0x3d529000 JavaThread "AWT-EventQueue-0" [_thread_blocked, id=4468, stack(0x3cca0000,0x3ccf0000)]
  0x3d530000 JavaThread "TimerQueue" daemon [_thread_blocked, id=3476, stack(0x3cc10000,0x3cc60000)]
=>0x3d10e400 JavaThread "AWT-Windows" daemon [_thread_in_vm, id=5996, stack(0x3c940000,0x3c990000)]
  0x3d10d400 JavaThread "AWT-Shutdown" [_thread_blocked, id=5736, stack(0x3c7b0000,0x3c800000)]
  0x3d10cc00 JavaThread "Java2D Disposer" daemon [_thread_in_native, id=4740, stack(0x3c760000,0x3c7b0000)]
  0x3c251c00 JavaThread "Low Memory Detector" daemon [_thread_blocked, id=3436, stack(0x3c610000,0x3c660000)]
  0x3c248800 JavaThread "C1 CompilerThread0" daemon [_thread_blocked, id=4452, stack(0x3c5c0000,0x3c610000)]
  0x3c242800 JavaThread "JDWP Event Helper Thread" daemon [_thread_blocked, id=4232, stack(0x3c570000,0x3c5c0000)]
  0x3c23f400 JavaThread "JDWP Transport Listener: dt_socket" daemon [_thread_blocked, id=2564, stack(0x3c520000,0x3c570000)]
  0x3c22a800 JavaThread "Attach Listener" daemon [_thread_blocked, id=5624, stack(0x3c4b0000,0x3c500000)]
  0x3c229800 JavaThread "Signal Dispatcher" daemon [_thread_blocked, id=4268, stack(0x3c460000,0x3c4b0000)]
  0x3c1fac00 JavaThread "Finalizer" daemon [_thread_in_native, id=5356, stack(0x3c410000,0x3c460000)]
  0x3c1f6800 JavaThread "Reference Handler" daemon [_thread_blocked, id=3212, stack(0x3c3c0000,0x3c410000)]

Other Threads:
  0x01a8fc00 VMThread [stack: 0x3c370000,0x3c3c0000] [id=4644]
  0x3c252800 WatcherThread [stack: 0x3c6a0000,0x3c6f0000] [id=5688]

VM state:not at safepoint (normal execution)

VM Mutex/Monitor currently owned by a thread: None

Heap
 PSYoungGen      total 239424K, used 3568K [0x28ff0000, 0x39a90000, 0x39a90000)
  eden space 211456K, 1% used [0x28ff0000,0x2936c1d8,0x35e70000)
  from space 27968K, 0% used [0x37f40000,0x37f40000,0x39a90000)
  to   space 30784K, 0% used [0x35e70000,0x35e70000,0x37c80000)
 ParOldGen       total 546176K, used 22875K [0x07a90000, 0x28ff0000, 0x28ff0000)
  object space 546176K, 4% used [0x07a90000,0x090e6f18,0x28ff0000)
 PSPermGen       total 65536K, used 52829K [0x03a90000, 0x07a90000, 0x07a90000)
  object space 65536K, 80% used [0x03a90000,0x06e276b0,0x07a90000)

Code Cache  [0x01a90000, 0x02000000, 0x03a90000)
 total_blobs=3328 nmethods=3029 adapters=240 free_code_cache=27875328 largest_free_block=384

Dynamic libraries:
0x00400000 - 0x00425000 	C:\Program Files\Rapid-I\RapidMiner5\jre\bin\java.exe
0x77820000 - 0x7795c000 	C:\windows\SYSTEM32\ntdll.dll
0x77210000 - 0x772e4000 	C:\windows\system32\kernel32.dll
0x75af0000 - 0x75b3b000 	C:\windows\system32\KERNELBASE.dll
0x77660000 - 0x77700000 	C:\windows\system32\ADVAPI32.dll
0x76090000 - 0x7613c000 	C:\windows\system32\msvcrt.dll
0x763b0000 - 0x763c9000 	C:\windows\SYSTEM32\sechost.dll
0x779a0000 - 0x77a42000 	C:\windows\system32\RPCRT4.dll
0x7c340000 - 0x7c396000 	C:\Program Files\Rapid-I\RapidMiner5\jre\bin\msvcr71.dll
0x6d7f0000 - 0x6da9f000 	C:\Program Files\Rapid-I\RapidMiner5\jre\bin\client\jvm.dll
0x772f0000 - 0x773b9000 	C:\windows\system32\USER32.dll
0x76200000 - 0x7624e000 	C:\windows\system32\GDI32.dll
0x761f0000 - 0x761fa000 	C:\windows\system32\LPK.dll
0x77560000 - 0x775fd000 	C:\windows\system32\USP10.dll
0x73eb0000 - 0x73ee2000 	C:\windows\system32\WINMM.dll
0x77980000 - 0x7799f000 	C:\windows\system32\IMM32.DLL
0x762e0000 - 0x763ac000 	C:\windows\system32\MSCTF.dll
0x75770000 - 0x757bc000 	C:\windows\system32\apphelp.dll
0x6d7a0000 - 0x6d7ac000 	C:\Program Files\Rapid-I\RapidMiner5\jre\bin\verify.dll
0x6d320000 - 0x6d33f000 	C:\Program Files\Rapid-I\RapidMiner5\jre\bin\java.dll
0x6d370000 - 0x6d399000 	C:\Program Files\Rapid-I\RapidMiner5\jre\bin\jdwp.dll
0x6d690000 - 0x6d696000 	C:\Program Files\Rapid-I\RapidMiner5\jre\bin\npt.dll
0x6d7e0000 - 0x6d7ef000 	C:\Program Files\Rapid-I\RapidMiner5\jre\bin\zip.dll
0x6d200000 - 0x6d207000 	C:\Program Files\Rapid-I\RapidMiner5\jre\bin\dt_socket.dll
0x75bd0000 - 0x75c05000 	C:\windows\system32\WS2_32.dll
0x77970000 - 0x77976000 	C:\windows\system32\NSI.dll
0x75290000 - 0x752cc000 	C:\windows\system32\mswsock.dll
0x74db0000 - 0x74db5000 	C:\windows\System32\wshtcpip.dll
0x6d000000 - 0x6d14c000 	C:\Program Files\Rapid-I\RapidMiner5\jre\bin\awt.dll
0x71680000 - 0x716d1000 	C:\windows\system32\WINSPOOL.DRV
0x770b0000 - 0x7720c000 	C:\windows\system32\ole32.dll
0x748c0000 - 0x74a5e000 	C:\windows\WinSxS\x86_microsoft.windows.common-controls_6595b64144ccf1df_6.0.7601.17514_none_41e6975e2bd6f2b2\COMCTL32.dll
0x77600000 - 0x77657000 	C:\windows\system32\SHLWAPI.dll
0x74130000 - 0x74143000 	C:\windows\system32\DWMAPI.DLL
0x74630000 - 0x74670000 	C:\windows\system32\uxtheme.dll
0x757f0000 - 0x757fc000 	C:\windows\system32\CRYPTBASE.dll
0x763d0000 - 0x7701a000 	C:\windows\system32\shell32.dll
0x6d230000 - 0x6d27f000 	C:\Program Files\Rapid-I\RapidMiner5\jre\bin\fontmanager.dll
0x752d0000 - 0x752e6000 	C:\windows\system32\CRYPTSP.dll
0x75090000 - 0x750cb000 	C:\windows\system32\rsaenh.dll
0x74ec0000 - 0x74ed7000 	C:\windows\system32\USERENV.dll
0x75870000 - 0x7587b000 	C:\windows\system32\profapi.dll
0x6d600000 - 0x6d613000 	C:\Program Files\Rapid-I\RapidMiner5\jre\bin\net.dll
0x75460000 - 0x75466000 	C:\windows\System32\wship6.dll
0x73e60000 - 0x73e70000 	C:\windows\system32\NLAapi.dll
0x739b0000 - 0x739c0000 	C:\windows\system32\napinsp.dll
0x73990000 - 0x739a2000 	C:\windows\system32\pnrpnsp.dll
0x75140000 - 0x75184000 	C:\windows\system32\DNSAPI.dll
0x73980000 - 0x73988000 	C:\windows\System32\winrnr.dll
0x73970000 - 0x7397d000 	C:\windows\system32\wshbth.dll
0x70380000 - 0x703a7000 	C:\Program Files\Common Files\Microsoft Shared\Windows Live\WLIDNSP.DLL
0x77960000 - 0x77965000 	C:\windows\system32\PSAPI.DLL
0x73d10000 - 0x73d2c000 	C:\windows\system32\IPHLPAPI.DLL
0x73cf0000 - 0x73cf7000 	C:\windows\system32\WINNSI.DLL
0x6fab0000 - 0x6fab6000 	C:\windows\system32\rasadhlp.dll
0x73770000 - 0x737a8000 	C:\windows\System32\fwpuclnt.dll
0x6d620000 - 0x6d629000 	C:\Program Files\Rapid-I\RapidMiner5\jre\bin\nio.dll
0x77020000 - 0x770af000 	C:\windows\system32\OLEAUT32.DLL
0x6d550000 - 0x6d559000 	C:\Program Files\Rapid-I\RapidMiner5\jre\bin\management.dll
0x76140000 - 0x761bb000 	C:\windows\system32\COMDLG32.DLL
0x4f500000 - 0x4f521000 	C:\windows\system32\spool\DRIVERS\W32X86\3\pdf995ps5ui.dll
0x4ce00000 - 0x4ce75000 	C:\windows\system32\spool\DRIVERS\W32X86\3\pscript5-32.dll
0x68fe0000 - 0x69059000 	C:\windows\system32\mscms.dll
0x6d1a0000 - 0x6d1c3000 	C:\Program Files\Rapid-I\RapidMiner5\jre\bin\dcpr.dll
0x6d3e0000 - 0x6d419000 	C:\Program Files\ASUS\CapsHook\Hook.dll
0x41250000 - 0x412a7000 	C:\Program Files\Elantech\ETDApix.dll
0x74d20000 - 0x74d29000 	C:\windows\system32\VERSION.dll

VM Arguments:
jvm_args: -XX:+UseParallelGC -XX:+UseParallelOldGC -Xdebug -Xrunjdwp:transport=dt_socket,suspend=n,server=y,address=8001 -XX:ParallelGCThreads=3 -Xms800m -Xmx800m -Drapidminer.home=C:\Program Files\Rapid-I\RapidMiner5\scripts\.. -Drapidminer.operators.additional= 
java_command: C:\Program Files\Rapid-I\RapidMiner5\scripts\..\lib\launcher.jar
Launcher Type: SUN_STANDARD

Environment Variables:
JAVA_HOME=C:\Program Files\Java\jdk1.6.0_31
PATH=C:\Program Files\Java\jdk1.6.0_31\bin;C:\PROGRAM FILES\COMMON FILES\MICROSOFT SHARED\WINDOWS LIVE;C:\windows\SYSTEM32;C:\windows;C:\windows\SYSTEM32\WBEM;C:\windows\SYSTEM32\WINDOWSPOWERSHELL\V1.0\;C:\PROGRAM FILES\WINDOWS LIVE\SHARED;C:\PROGRAM FILES\TREND MICRO\AMSP;C:\Program Files\Trend Micro\AMSP;C:\java\apache-maven-2.2.1\bin;C:\java\apache-ant-1.8.4\bin
USERNAME=beckmann
OS=Windows_NT
PROCESSOR_IDENTIFIER=x86 Family 6 Model 28 Stepping 10, GenuineIntel



---------------  S Y S T E M  ---------------

OS: Windows 7 Build 7601 Service Pack 1

CPU:total 4 (2 cores per cpu, 2 threads per core) family 6 model 28 stepping 10, cmov, cx8, fxsr, mmx, sse, sse2, sse3, ssse3, ht

Memory: 4k page, physical 2087032k(208828k free), swap 4174064k(696032k free)

vm_info: Java HotSpot(TM) Client VM (20.6-b01) for windows-x86 JRE (1.6.0_31-b05), built on Feb  3 2012 18:44:09 by "java_re" with MS VC++ 7.1 (VS2003)

time: Thu Nov 28 09:53:49 2013
elapsed time: 6243 seconds

