#
# A fatal error has been detected by the Java Runtime Environment:
#
#  EXCEPTION_ACCESS_VIOLATION (0xc0000005) at pc=0x6d88591e, pid=8012, tid=8088
#
# JRE version: 6.0_31-b05
# Java VM: Java HotSpot(TM) Client VM (20.6-b01 mixed mode windows-x86 )
# Problematic frame:
# V  [jvm.dll+0x9591e]
#
# If you would like to submit a bug report, please visit:
#   http://java.sun.com/webapps/bugreport/crash.jsp
#

---------------  T H R E A D  ---------------

Current thread (0x3cffc400):  JavaThread "AWT-Windows" daemon [_thread_in_vm, id=8088, stack(0x3c940000,0x3c990000)]

siginfo: ExceptionCode=0xc0000005, reading address 0x00000000

Registers:
EAX=0x3c25de70, EBX=0x00000000, ECX=0x00000000, EDX=0x3c98f7cc
ESP=0x3c98f7bc, EBP=0x3c98f850, ESI=0x3cffc400, EDI=0x3cff8d80
EIP=0x6d88591e, EFLAGS=0x00010202

Top of Stack: (sp=0x3c98f7bc)
0x3c98f7bc:   3cfefa70 3cffc528 3cffc400 3c98f7ec
0x3c98f7cc:   3c25de70 0000000b 3c98f7b8 00e32980
0x3c98f7dc:   3c98f83c 77c2e115 00000000 77c77283
0x3c98f7ec:   048c011d 541741b5 7fffffff 3c98f7cc
0x3c98f7fc:   3c98f7ed 00000001 00000008 3c98f800
0x3c98f80c:   2cbac088 3c98f818 77cd478c 3c98f84c
0x3c98f81c:   3c98f84c 6d7f2af6 3cffc400 3cfef388
0x3c98f82c:   3cffc400 3cffc528 3c98f828 3c25da48 

Instructions: (pc=0x6d88591e)
0x6d8858fe:   78 ff ff ff 89 41 14 8b 45 ac c6 04 10 01 8b 4d
0x6d88590e:   b0 8b 55 a8 8b 45 f4 89 04 8a ff 45 b0 8b 5d fc
0x6d88591e:   8b 03 8b 48 08 0f b7 51 2a 8b 40 0c 8b 4c 90 28
0x6d88592e:   51 56 8d 4d bc e8 d8 a5 07 00 8b 55 18 33 c0 89 


Register to memory mapping:

EAX=0x3c25de70 is an unknown value
EBX=0x00000000 is an unknown value
ECX=0x00000000 is an unknown value
EDX=0x3c98f7cc is pointing into the stack for thread: 0x3cffc400
ESP=0x3c98f7bc is pointing into the stack for thread: 0x3cffc400
EBP=0x3c98f850 is pointing into the stack for thread: 0x3cffc400
ESI=0x3cffc400 is a thread
EDI=0x3cff8d80 is an unknown value


Stack: [0x3c940000,0x3c990000],  sp=0x3c98f7bc,  free space=317k
Native frames: (J=compiled Java code, j=interpreted, Vv=VM code, C=native code)
V  [jvm.dll+0x9591e]
V  [jvm.dll+0x9884c]
C  [awt.dll+0x6cc5c]  Java_sun_awt_windows_WChoicePeer_create+0x12c
C  [USER32.dll+0x1c4e7]  gapfnScSendMessage+0x1cf
C  [USER32.dll+0x1c5e7]  gapfnScSendMessage+0x2cf
C  [USER32.dll+0x14f0e]  GetScrollBarInfo+0xfd
C  [USER32.dll+0x14f7d]  GetScrollBarInfo+0x16c
C  [ntdll.dll+0x4702e]  KiUserCallbackDispatcher+0x2e

Java frames: (J=compiled Java code, j=interpreted, Vv=VM code)
j  sun.awt.windows.WToolkit.eventLoop()V+0
j  sun.awt.windows.WToolkit.run()V+52
j  java.lang.Thread.run()V+11
v  ~StubRoutines::call_stub

---------------  P R O C E S S  ---------------

Java Threads: ( => current thread )
  0x3d4ae800 JavaThread "Thread-2" daemon [_thread_in_native, id=6980, stack(0x412f0000,0x41340000)]
  0x3d4a9800 JavaThread "SwingWorker-pool-1-thread-5" daemon [_thread_blocked, id=3660, stack(0x3d360000,0x3d3b0000)]
  0x3d4ad800 JavaThread "SwingWorker-pool-1-thread-4" daemon [_thread_blocked, id=6224, stack(0x412a0000,0x412f0000)]
  0x3d4adc00 JavaThread "SwingWorker-pool-1-thread-3" daemon [_thread_blocked, id=3624, stack(0x41250000,0x412a0000)]
  0x3d4ac400 JavaThread "SwingWorker-pool-1-thread-2" daemon [_thread_blocked, id=6364, stack(0x3e030000,0x3e080000)]
  0x3d4ae400 JavaThread "DestroyJavaVM" [_thread_blocked, id=8020, stack(0x00380000,0x003d0000)]
  0x3d4acc00 JavaThread "Image Animator 0" daemon [_thread_blocked, id=6252, stack(0x41200000,0x41250000)]
  0x3d4abc00 JavaThread "ProgressThread" daemon [_thread_blocked, id=188, stack(0x3d3b0000,0x3d400000)]
  0x3d4ab800 JavaThread "UpdateQueue-MetaDataValidation" daemon [_thread_blocked, id=2624, stack(0x3d2c0000,0x3d310000)]
  0x3d4ab000 JavaThread "SwingWorker-pool-1-thread-1" daemon [_thread_blocked, id=6292, stack(0x40600000,0x40650000)]
  0x3d4aa400 JavaThread "RemoteProcess-Updater" daemon [_thread_blocked, id=4388, stack(0x3e0d0000,0x3e120000)]
  0x3d4aa000 JavaThread "UpdateQueue-ResultDisplayDataTableViewUpdater" daemon [_thread_blocked, id=6272, stack(0x3e080000,0x3e0d0000)]
  0x3d07dc00 JavaThread "AWT-EventQueue-0" [_thread_blocked, id=8100, stack(0x3d080000,0x3d0d0000)]
  0x3d42a000 JavaThread "TimerQueue" daemon [_thread_blocked, id=8096, stack(0x3cc30000,0x3cc80000)]
=>0x3cffc400 JavaThread "AWT-Windows" daemon [_thread_in_vm, id=8088, stack(0x3c940000,0x3c990000)]
  0x3cffb800 JavaThread "AWT-Shutdown" [_thread_blocked, id=8084, stack(0x3c8b0000,0x3c900000)]
  0x3cff9000 JavaThread "Java2D Disposer" daemon [_thread_in_native, id=8080, stack(0x3c860000,0x3c8b0000)]
  0x3c27a400 JavaThread "Low Memory Detector" daemon [_thread_blocked, id=8072, stack(0x3c690000,0x3c6e0000)]
  0x3c278c00 JavaThread "C1 CompilerThread0" daemon [_thread_blocked, id=8068, stack(0x3c640000,0x3c690000)]
  0x3c273000 JavaThread "JDWP Event Helper Thread" daemon [_thread_blocked, id=8064, stack(0x3c580000,0x3c5d0000)]
  0x3c26fc00 JavaThread "JDWP Transport Listener: dt_socket" daemon [_thread_in_native, id=8060, stack(0x3c530000,0x3c580000)]
  0x3c258c00 JavaThread "Attach Listener" daemon [_thread_blocked, id=8056, stack(0x3c4e0000,0x3c530000)]
  0x3c257c00 JavaThread "Signal Dispatcher" daemon [_thread_blocked, id=8052, stack(0x3c490000,0x3c4e0000)]
  0x3c229000 JavaThread "Finalizer" daemon [_thread_in_native, id=8048, stack(0x3c440000,0x3c490000)]
  0x3c224c00 JavaThread "Reference Handler" daemon [_thread_blocked, id=8044, stack(0x3c3f0000,0x3c440000)]

Other Threads:
  0x01abf400 VMThread [stack: 0x3c3a0000,0x3c3f0000] [id=8040]
  0x3c28ac00 WatcherThread [stack: 0x3c730000,0x3c780000] [id=8076]

VM state:not at safepoint (normal execution)

VM Mutex/Monitor currently owned by a thread: None

Heap
 PSYoungGen      total 269184K, used 3585K [0x29020000, 0x39ac0000, 0x39ac0000)
  eden space 265600K, 1% used [0x29020000,0x293a0590,0x39380000)
  from space 3584K, 0% used [0x39740000,0x39740000,0x39ac0000)
  to   space 3712K, 0% used [0x39380000,0x39380000,0x39720000)
 ParOldGen       total 546176K, used 27104K [0x07ac0000, 0x29020000, 0x29020000)
  object space 546176K, 4% used [0x07ac0000,0x095382f0,0x29020000)
 PSPermGen       total 65536K, used 53152K [0x03ac0000, 0x07ac0000, 0x07ac0000)
  object space 65536K, 81% used [0x03ac0000,0x06ea8148,0x07ac0000)

Code Cache  [0x01ac0000, 0x020b0000, 0x03ac0000)
 total_blobs=3576 nmethods=3277 adapters=240 free_code_cache=27353152 largest_free_block=256

Dynamic libraries:
0x00400000 - 0x00425000 	C:\Program Files\Rapid-I\RapidMiner5\jre\bin\java.exe
0x77c10000 - 0x77d4c000 	C:\windows\SYSTEM32\ntdll.dll
0x76eb0000 - 0x76f84000 	C:\windows\system32\kernel32.dll
0x75de0000 - 0x75e2b000 	C:\windows\system32\KERNELBASE.dll
0x76e10000 - 0x76eb0000 	C:\windows\system32\ADVAPI32.dll
0x76d60000 - 0x76e0c000 	C:\windows\system32\msvcrt.dll
0x76d40000 - 0x76d59000 	C:\windows\SYSTEM32\sechost.dll
0x76330000 - 0x763d2000 	C:\windows\system32\RPCRT4.dll
0x7c340000 - 0x7c396000 	C:\Program Files\Rapid-I\RapidMiner5\jre\bin\msvcr71.dll
0x6d7f0000 - 0x6da9f000 	C:\Program Files\Rapid-I\RapidMiner5\jre\bin\client\jvm.dll
0x76c70000 - 0x76d39000 	C:\windows\system32\USER32.dll
0x762e0000 - 0x7632e000 	C:\windows\system32\GDI32.dll
0x763e0000 - 0x763ea000 	C:\windows\system32\LPK.dll
0x76000000 - 0x7609d000 	C:\windows\system32\USP10.dll
0x743e0000 - 0x74412000 	C:\windows\system32\WINMM.dll
0x768b0000 - 0x768cf000 	C:\windows\system32\IMM32.DLL
0x77d70000 - 0x77e3c000 	C:\windows\system32\MSCTF.dll
0x75b60000 - 0x75bac000 	C:\windows\system32\apphelp.dll
0x6d7a0000 - 0x6d7ac000 	C:\Program Files\Rapid-I\RapidMiner5\jre\bin\verify.dll
0x6d320000 - 0x6d33f000 	C:\Program Files\Rapid-I\RapidMiner5\jre\bin\java.dll
0x6d370000 - 0x6d399000 	C:\Program Files\Rapid-I\RapidMiner5\jre\bin\jdwp.dll
0x6d690000 - 0x6d696000 	C:\Program Files\Rapid-I\RapidMiner5\jre\bin\npt.dll
0x6d7e0000 - 0x6d7ef000 	C:\Program Files\Rapid-I\RapidMiner5\jre\bin\zip.dll
0x6d200000 - 0x6d207000 	C:\Program Files\Rapid-I\RapidMiner5\jre\bin\dt_socket.dll
0x75fc0000 - 0x75ff5000 	C:\windows\system32\WS2_32.dll
0x77d50000 - 0x77d56000 	C:\windows\system32\NSI.dll
0x75690000 - 0x756cc000 	C:\windows\system32\mswsock.dll
0x751a0000 - 0x751a5000 	C:\windows\System32\wshtcpip.dll
0x6d000000 - 0x6d14c000 	C:\Program Files\Rapid-I\RapidMiner5\jre\bin\awt.dll
0x71a70000 - 0x71ac1000 	C:\windows\system32\WINSPOOL.DRV
0x76530000 - 0x7668c000 	C:\windows\system32\ole32.dll
0x74af0000 - 0x74c8e000 	C:\windows\WinSxS\x86_microsoft.windows.common-controls_6595b64144ccf1df_6.0.7601.17514_none_41e6975e2bd6f2b2\COMCTL32.dll
0x76690000 - 0x766e7000 	C:\windows\system32\SHLWAPI.dll
0x74520000 - 0x74533000 	C:\windows\system32\DWMAPI.DLL
0x74830000 - 0x74870000 	C:\windows\system32\uxtheme.dll
0x75be0000 - 0x75bec000 	C:\windows\system32\CRYPTBASE.dll
0x76f90000 - 0x77bda000 	C:\windows\system32\shell32.dll
0x6d230000 - 0x6d27f000 	C:\Program Files\Rapid-I\RapidMiner5\jre\bin\fontmanager.dll
0x756d0000 - 0x756e6000 	C:\windows\system32\CRYPTSP.dll
0x75470000 - 0x754ab000 	C:\windows\system32\rsaenh.dll
0x75270000 - 0x75287000 	C:\windows\system32\USERENV.dll
0x75c60000 - 0x75c6b000 	C:\windows\system32\profapi.dll
0x6d600000 - 0x6d613000 	C:\Program Files\Rapid-I\RapidMiner5\jre\bin\net.dll
0x75680000 - 0x75686000 	C:\windows\System32\wship6.dll
0x74390000 - 0x743a0000 	C:\windows\system32\NLAapi.dll
0x70a50000 - 0x70a60000 	C:\windows\system32\napinsp.dll
0x6fce0000 - 0x6fcf2000 	C:\windows\system32\pnrpnsp.dll
0x75550000 - 0x75594000 	C:\windows\system32\DNSAPI.dll
0x6f460000 - 0x6f468000 	C:\windows\System32\winrnr.dll
0x6f450000 - 0x6f45d000 	C:\windows\system32\wshbth.dll
0x709a0000 - 0x709c7000 	C:\Program Files\Common Files\Microsoft Shared\Windows Live\WLIDNSP.DLL
0x77d60000 - 0x77d65000 	C:\windows\system32\PSAPI.DLL
0x74200000 - 0x7421c000 	C:\windows\system32\IPHLPAPI.DLL
0x741f0000 - 0x741f7000 	C:\windows\system32\WINNSI.DLL
0x700d0000 - 0x700d6000 	C:\windows\system32\rasadhlp.dll
0x73b90000 - 0x73bc8000 	C:\windows\System32\fwpuclnt.dll
0x6d620000 - 0x6d629000 	C:\Program Files\Rapid-I\RapidMiner5\jre\bin\nio.dll
0x76250000 - 0x762df000 	C:\windows\system32\OLEAUT32.DLL
0x6d550000 - 0x6d559000 	C:\Program Files\Rapid-I\RapidMiner5\jre\bin\management.dll
0x760a0000 - 0x7611b000 	C:\windows\system32\COMDLG32.DLL
0x4f500000 - 0x4f521000 	C:\windows\system32\spool\DRIVERS\W32X86\3\pdf995ps5ui.dll
0x4ce00000 - 0x4ce75000 	C:\windows\system32\spool\DRIVERS\W32X86\3\pscript5-32.dll
0x72ab0000 - 0x72b29000 	C:\windows\system32\mscms.dll
0x6d440000 - 0x6d465000 	C:\Program Files\Rapid-I\RapidMiner5\jre\bin\jpeg.dll
0x6d1a0000 - 0x6d1c3000 	C:\Program Files\Rapid-I\RapidMiner5\jre\bin\dcpr.dll
0x6fd30000 - 0x6fd69000 	C:\Program Files\ASUS\CapsHook\Hook.dll
0x41340000 - 0x41397000 	C:\Program Files\Elantech\ETDApix.dll
0x75110000 - 0x75119000 	C:\windows\system32\VERSION.dll

VM Arguments:
jvm_args: -XX:+UseParallelGC -XX:+UseParallelOldGC -Xdebug -Xrunjdwp:transport=dt_socket,suspend=n,server=y,address=8002 -XX:ParallelGCThreads=3 -Xms800m -Xmx800m -Drapidminer.home=C:\Program Files\Rapid-I\RapidMiner5\scripts\.. -Drapidminer.operators.additional= 
java_command: C:\Program Files\Rapid-I\RapidMiner5\scripts\..\lib\launcher.jar
Launcher Type: SUN_STANDARD

Environment Variables:
JAVA_HOME=C:\Program Files\Java\jdk1.6.0_31
PATH=C:\Program Files\Java\jdk1.6.0_31\bin;C:\PROGRAM FILES\COMMON FILES\MICROSOFT SHARED\WINDOWS LIVE;C:\windows\SYSTEM32;C:\windows;C:\windows\SYSTEM32\WBEM;C:\windows\SYSTEM32\WINDOWSPOWERSHELL\V1.0\;C:\PROGRAM FILES\WINDOWS LIVE\SHARED;C:\PROGRAM FILES\TREND MICRO\AMSP;C:\Program Files\Trend Micro\AMSP;C:\java\apache-maven-2.2.1\bin;C:\java\apache-ant-1.8.4\bin
USERNAME=beckmann
OS=Windows_NT
PROCESSOR_IDENTIFIER=x86 Family 6 Model 28 Stepping 10, GenuineIntel



---------------  S Y S T E M  ---------------

OS: Windows 7 Build 7601 Service Pack 1

CPU:total 4 (2 cores per cpu, 2 threads per core) family 6 model 28 stepping 10, cmov, cx8, fxsr, mmx, sse, sse2, sse3, ssse3, ht

Memory: 4k page, physical 2087032k(435460k free), swap 4255984k(640984k free)

vm_info: Java HotSpot(TM) Client VM (20.6-b01) for windows-x86 JRE (1.6.0_31-b05), built on Feb  3 2012 18:44:09 by "java_re" with MS VC++ 7.1 (VS2003)

time: Fri Nov 22 16:33:21 2013
elapsed time: 65942 seconds

